Android/app/build/intermediates/manifest_merge_blame_file/debug/manifest-merger-blame-debug-report.txt
1<?xml version="1.0" encoding="utf-8"?>
2<manifest xmlns:android="http://schemas.android.com/apk/res/android"
3    package="com.example.appherb"
4    android:versionCode="1"
5    android:versionName="1.0" >
6
7    <uses-sdk
8        android:minSdkVersion="24"
8-->src\main\AndroidManifest.xml
9        android:targetSdkVersion="32" />
9-->src\main\AndroidManifest.xml
10
11    <queries>
11-->[com.android.car.ui:car-ui-lib:2.0.0] AndroidManifest.xml:26:5-31:15
12        <provider
12-->[com.android.car.ui:car-ui-lib:2.0.0] AndroidManifest.xml:27:9-30:67
13            android:name="com.android.car.ui.plugin.PluginNameProvider"
13-->[com.android.car.ui:car-ui-lib:2.0.0] AndroidManifest.xml:28:13-72
14            android:authorities="com.android.car.ui.plugin" />
14-->[com.android.car.ui:car-ui-lib:2.0.0] AndroidManifest.xml:29:13-60
15    </queries>
16
17    <application
17-->src\main\AndroidManifest.xml:5:5-28:19
18        android:allowBackup="true"
18-->src\main\AndroidManifest.xml:6:9-35
19        android:appComponentFactory="androidx.core.app.CoreComponentFactory"
19-->[androidx.core:core:1.8.0] AndroidManifest.xml:24:18-86
20        android:dataExtractionRules="@xml/data_extraction_rules"
20-->src\main\AndroidManifest.xml:7:9-65
21        android:debuggable="true"
22        android:extractNativeLibs="false"
23        android:fullBackupContent="@xml/backup_rules"
23-->src\main\AndroidManifest.xml:8:9-54
24        android:icon="@mipmap/ic_launcher"
24-->src\main\AndroidManifest.xml:9:9-43
25        android:label="@string/app_name"
25-->src\main\AndroidManifest.xml:10:9-41
26        android:roundIcon="@mipmap/ic_launcher_round"
26-->src\main\AndroidManifest.xml:11:9-54
27        android:supportsRtl="true"
27-->src\main\AndroidManifest.xml:12:9-35
28        android:testOnly="true"
29        android:theme="@style/Theme.AppHerb" >
29-->src\main\AndroidManifest.xml:13:9-45
30        <activity
30-->src\main\AndroidManifest.xml:15:9-27:20
31            android:name="com.example.appherb.MainActivity"
31-->src\main\AndroidManifest.xml:16:13-41
32            android:exported="true" >
32-->src\main\AndroidManifest.xml:17:13-36
33            <intent-filter>
33-->src\main\AndroidManifest.xml:18:13-22:29
34                <action android:name="android.intent.action.MAIN" />
34-->src\main\AndroidManifest.xml:19:17-69
34-->src\main\AndroidManifest.xml:19:25-66
35
36                <category android:name="android.intent.category.LAUNCHER" />
36-->src\main\AndroidManifest.xml:21:17-77
36-->src\main\AndroidManifest.xml:21:27-74
37            </intent-filter>
38
39            <meta-data
39-->src\main\AndroidManifest.xml:24:13-26:36
40                android:name="android.app.lib_name"
40-->src\main\AndroidManifest.xml:25:17-52
41                android:value="" />
41-->src\main\AndroidManifest.xml:26:17-33
42        </activity>
43
44        <provider
44-->[com.android.car.ui:car-ui-lib:2.0.0] AndroidManifest.xml:34:9-39:71
45            android:name="com.android.car.ui.core.CarUiInstaller"
45-->[com.android.car.ui:car-ui-lib:2.0.0] AndroidManifest.xml:35:13-66
46            android:authorities="com.example.appherb.CarUiInstaller"
46-->[com.android.car.ui:car-ui-lib:2.0.0] AndroidManifest.xml:36:13-66
47            android:directBootAware="true"
47-->[com.android.car.ui:car-ui-lib:2.0.0] AndroidManifest.xml:37:13-43
48            android:exported="false"
48-->[com.android.car.ui:car-ui-lib:2.0.0] AndroidManifest.xml:38:13-37
49            android:process="@string/car_ui_installer_process_name" />
49-->[com.android.car.ui:car-ui-lib:2.0.0] AndroidManifest.xml:39:13-68
50        <provider
50-->[com.android.car.ui:car-ui-lib:2.0.0] AndroidManifest.xml:40:9-45:79
51            android:name="com.android.car.ui.core.SearchResultsProvider"
51-->[com.android.car.ui:car-ui-lib:2.0.0] AndroidManifest.xml:41:13-73
52            android:authorities="com.example.appherb.SearchResultsProvider"
52-->[com.android.car.ui:car-ui-lib:2.0.0] AndroidManifest.xml:42:13-73
53            android:exported="true"
53-->[com.android.car.ui:car-ui-lib:2.0.0] AndroidManifest.xml:43:13-36
54            android:process="@string/car_ui_installer_process_name"
54-->[com.android.car.ui:car-ui-lib:2.0.0] AndroidManifest.xml:44:13-68
55            android:readPermission="com.android.car.ui.READ_SEARCH_RESULTS" />
55-->[com.android.car.ui:car-ui-lib:2.0.0] AndroidManifest.xml:45:13-76
56        <provider
56-->[androidx.emoji2:emoji2:1.2.0] AndroidManifest.xml:24:9-32:20
57            android:name="androidx.startup.InitializationProvider"
57-->[androidx.emoji2:emoji2:1.2.0] AndroidManifest.xml:25:13-67
58            android:authorities="com.example.appherb.androidx-startup"
58-->[androidx.emoji2:emoji2:1.2.0] AndroidManifest.xml:26:13-68
59            android:exported="false" >
59-->[androidx.emoji2:emoji2:1.2.0] AndroidManifest.xml:27:13-37
60            <meta-data
60-->[androidx.emoji2:emoji2:1.2.0] AndroidManifest.xml:29:13-31:52
61                android:name="androidx.emoji2.text.EmojiCompatInitializer"
61-->[androidx.emoji2:emoji2:1.2.0] AndroidManifest.xml:30:17-75
62                android:value="androidx.startup" />
62-->[androidx.emoji2:emoji2:1.2.0] AndroidManifest.xml:31:17-49
63            <meta-data
63-->[androidx.lifecycle:lifecycle-process:2.4.1] AndroidManifest.xml:31:13-33:52
64                android:name="androidx.lifecycle.ProcessLifecycleInitializer"
64-->[androidx.lifecycle:lifecycle-process:2.4.1] AndroidManifest.xml:32:17-78
65                android:value="androidx.startup" />
65-->[androidx.lifecycle:lifecycle-process:2.4.1] AndroidManifest.xml:33:17-49
66        </provider>
67    </application>
68
69</manifest>